  exchange_api.c
  tax.c
  tax_api.c
  tax_optimizer.c
C:\Users\chomg\OneDrive\바탕 화면\Tax_helper_0527_wip\Tax_helper\tax_optimizer.c(77,16): warning C4566: 유니버설 문자 이름 '\U0001F4E6'(으)로 표현되는 문자는 현재 코드 페이지(949)에서 표현할 수 없습니다.
  tree.c
  코드를 생성하고 있습니다...
C:\Users\chomg\OneDrive\바탕 화면\Tax_helper_0527_wip\Tax_helper\tax.c(11,1): warning C4716: 'calculate_tax': 값을 반환해야 합니다.
libcurld.lib(easy.obj) : warning LNK4099: '' PDB를 'libcurld.lib(easy.obj)' 또는 ''에서 찾을 수 없습니다. 디버그 정보가 없는 것처럼 개체를 링크합니다.
libcurld.lib(setopt.obj) : warning LNK4099: '' PDB를 'libcurld.lib(setopt.obj)' 또는 ''에서 찾을 수 없습니다. 디버그 정보가 없는 것처럼 개체를 링크합니다.
libcurld.lib(strdup.obj) : warning LNK4099: '' PDB를 'libcurld.lib(strdup.obj)' 또는 ''에서 찾을 수 없습니다. 디버그 정보가 없는 것처럼 개체를 링크합니다.
libcurld.lib(multi.obj) : warning LNK4099: '' PDB를 'libcurld.lib(multi.obj)' 또는 ''에서 찾을 수 없습니다. 디버그 정보가 없는 것처럼 개체를 링크합니다.
libcurld.lib(mprintf.obj) : warning LNK4099: '' PDB를 'libcurld.lib(mprintf.obj)' 또는 ''에서 찾을 수 없습니다. 디버그 정보가 없는 것처럼 개체를 링크합니다.
libcurld.lib(cookie.obj) : warning LNK4099: '' PDB를 'libcurld.lib(cookie.obj)' 또는 ''에서 찾을 수 없습니다. 디버그 정보가 없는 것처럼 개체를 링크합니다.
libcurld.lib(timeval.obj) : warning LNK4099: '' PDB를 'libcurld.lib(timeval.obj)' 또는 ''에서 찾을 수 없습니다. 디버그 정보가 없는 것처럼 개체를 링크합니다.
libcurld.lib(dynbuf.obj) : warning LNK4099: '' PDB를 'libcurld.lib(dynbuf.obj)' 또는 ''에서 찾을 수 없습니다. 디버그 정보가 없는 것처럼 개체를 링크합니다.
libcurld.lib(asyn-thread.obj) : warning LNK4099: '' PDB를 'libcurld.lib(asyn-thread.obj)' 또는 ''에서 찾을 수 없습니다. 디버그 정보가 없는 것처럼 개체를 링크합니다.
libcurld.lib(request.obj) : warning LNK4099: '' PDB를 'libcurld.lib(request.obj)' 또는 ''에서 찾을 수 없습니다. 디버그 정보가 없는 것처럼 개체를 링크합니다.
libcurld.lib(mime.obj) : warning LNK4099: '' PDB를 'libcurld.lib(mime.obj)' 또는 ''에서 찾을 수 없습니다. 디버그 정보가 없는 것처럼 개체를 링크합니다.
libcurld.lib(conncache.obj) : warning LNK4099: '' PDB를 'libcurld.lib(conncache.obj)' 또는 ''에서 찾을 수 없습니다. 디버그 정보가 없는 것처럼 개체를 링크합니다.
libcurld.lib(vtls.obj) : warning LNK4099: '' PDB를 'libcurld.lib(vtls.obj)' 또는 ''에서 찾을 수 없습니다. 디버그 정보가 없는 것처럼 개체를 링크합니다.
libcurld.lib(url.obj) : warning LNK4099: '' PDB를 'libcurld.lib(url.obj)' 또는 ''에서 찾을 수 없습니다. 디버그 정보가 없는 것처럼 개체를 링크합니다.
libcurld.lib(getinfo.obj) : warning LNK4099: '' PDB를 'libcurld.lib(getinfo.obj)' 또는 ''에서 찾을 수 없습니다. 디버그 정보가 없는 것처럼 개체를 링크합니다.
libcurld.lib(cfilters.obj) : warning LNK4099: '' PDB를 'libcurld.lib(cfilters.obj)' 또는 ''에서 찾을 수 없습니다. 디버그 정보가 없는 것처럼 개체를 링크합니다.
libcurld.lib(curl_trc.obj) : warning LNK4099: '' PDB를 'libcurld.lib(curl_trc.obj)' 또는 ''에서 찾을 수 없습니다. 디버그 정보가 없는 것처럼 개체를 링크합니다.
libcurld.lib(sendf.obj) : warning LNK4099: '' PDB를 'libcurld.lib(sendf.obj)' 또는 ''에서 찾을 수 없습니다. 디버그 정보가 없는 것처럼 개체를 링크합니다.
libcurld.lib(cw-out.obj) : warning LNK4099: '' PDB를 'libcurld.lib(cw-out.obj)' 또는 ''에서 찾을 수 없습니다. 디버그 정보가 없는 것처럼 개체를 링크합니다.
libcurld.lib(connect.obj) : warning LNK4099: '' PDB를 'libcurld.lib(connect.obj)' 또는 ''에서 찾을 수 없습니다. 디버그 정보가 없는 것처럼 개체를 링크합니다.
libcurld.lib(slist.obj) : warning LNK4099: '' PDB를 'libcurld.lib(slist.obj)' 또는 ''에서 찾을 수 없습니다. 디버그 정보가 없는 것처럼 개체를 링크합니다.
libcurld.lib(warnless.obj) : warning LNK4099: '' PDB를 'libcurld.lib(warnless.obj)' 또는 ''에서 찾을 수 없습니다. 디버그 정보가 없는 것처럼 개체를 링크합니다.
libcurld.lib(http_digest.obj) : warning LNK4099: '' PDB를 'libcurld.lib(http_digest.obj)' 또는 ''에서 찾을 수 없습니다. 디버그 정보가 없는 것처럼 개체를 링크합니다.
libcurld.lib(system_win32.obj) : warning LNK4099: '' PDB를 'libcurld.lib(system_win32.obj)' 또는 ''에서 찾을 수 없습니다. 디버그 정보가 없는 것처럼 개체를 링크합니다.
libcurld.lib(altsvc.obj) : warning LNK4099: '' PDB를 'libcurld.lib(altsvc.obj)' 또는 ''에서 찾을 수 없습니다. 디버그 정보가 없는 것처럼 개체를 링크합니다.
libcurld.lib(hsts.obj) : warning LNK4099: '' PDB를 'libcurld.lib(hsts.obj)' 또는 ''에서 찾을 수 없습니다. 디버그 정보가 없는 것처럼 개체를 링크합니다.
libcurld.lib(strcase.obj) : warning LNK4099: '' PDB를 'libcurld.lib(strcase.obj)' 또는 ''에서 찾을 수 없습니다. 디버그 정보가 없는 것처럼 개체를 링크합니다.
libcurld.lib(content_encoding.obj) : warning LNK4099: '' PDB를 'libcurld.lib(content_encoding.obj)' 또는 ''에서 찾을 수 없습니다. 디버그 정보가 없는 것처럼 개체를 링크합니다.
libcurld.lib(share.obj) : warning LNK4099: '' PDB를 'libcurld.lib(share.obj)' 또는 ''에서 찾을 수 없습니다. 디버그 정보가 없는 것처럼 개체를 링크합니다.
libcurld.lib(transfer.obj) : warning LNK4099: '' PDB를 'libcurld.lib(transfer.obj)' 또는 ''에서 찾을 수 없습니다. 디버그 정보가 없는 것처럼 개체를 링크합니다.
libcurld.lib(llist.obj) : warning LNK4099: '' PDB를 'libcurld.lib(llist.obj)' 또는 ''에서 찾을 수 없습니다. 디버그 정보가 없는 것처럼 개체를 링크합니다.
libcurld.lib(hash.obj) : warning LNK4099: '' PDB를 'libcurld.lib(hash.obj)' 또는 ''에서 찾을 수 없습니다. 디버그 정보가 없는 것처럼 개체를 링크합니다.
libcurld.lib(hostip.obj) : warning LNK4099: '' PDB를 'libcurld.lib(hostip.obj)' 또는 ''에서 찾을 수 없습니다. 디버그 정보가 없는 것처럼 개체를 링크합니다.
libcurld.lib(splay.obj) : warning LNK4099: '' PDB를 'libcurld.lib(splay.obj)' 또는 ''에서 찾을 수 없습니다. 디버그 정보가 없는 것처럼 개체를 링크합니다.
libcurld.lib(http.obj) : warning LNK4099: '' PDB를 'libcurld.lib(http.obj)' 또는 ''에서 찾을 수 없습니다. 디버그 정보가 없는 것처럼 개체를 링크합니다.
libcurld.lib(ftplistparser.obj) : warning LNK4099: '' PDB를 'libcurld.lib(ftplistparser.obj)' 또는 ''에서 찾을 수 없습니다. 디버그 정보가 없는 것처럼 개체를 링크합니다.
libcurld.lib(progress.obj) : warning LNK4099: '' PDB를 'libcurld.lib(progress.obj)' 또는 ''에서 찾을 수 없습니다. 디버그 정보가 없는 것처럼 개체를 링크합니다.
libcurld.lib(select.obj) : warning LNK4099: '' PDB를 'libcurld.lib(select.obj)' 또는 ''에서 찾을 수 없습니다. 디버그 정보가 없는 것처럼 개체를 링크합니다.
libcurld.lib(speedcheck.obj) : warning LNK4099: '' PDB를 'libcurld.lib(speedcheck.obj)' 또는 ''에서 찾을 수 없습니다. 디버그 정보가 없는 것처럼 개체를 링크합니다.
libcurld.lib(curl_multibyte.obj) : warning LNK4099: '' PDB를 'libcurld.lib(curl_multibyte.obj)' 또는 ''에서 찾을 수 없습니다. 디버그 정보가 없는 것처럼 개체를 링크합니다.
libcurld.lib(strerror.obj) : warning LNK4099: '' PDB를 'libcurld.lib(strerror.obj)' 또는 ''에서 찾을 수 없습니다. 디버그 정보가 없는 것처럼 개체를 링크합니다.
libcurld.lib(strtok.obj) : warning LNK4099: '' PDB를 'libcurld.lib(strtok.obj)' 또는 ''에서 찾을 수 없습니다. 디버그 정보가 없는 것처럼 개체를 링크합니다.
libcurld.lib(strtoofft.obj) : warning LNK4099: '' PDB를 'libcurld.lib(strtoofft.obj)' 또는 ''에서 찾을 수 없습니다. 디버그 정보가 없는 것처럼 개체를 링크합니다.
libcurld.lib(curl_get_line.obj) : warning LNK4099: '' PDB를 'libcurld.lib(curl_get_line.obj)' 또는 ''에서 찾을 수 없습니다. 디버그 정보가 없는 것처럼 개체를 링크합니다.
libcurld.lib(curl_memrchr.obj) : warning LNK4099: '' PDB를 'libcurld.lib(curl_memrchr.obj)' 또는 ''에서 찾을 수 없습니다. 디버그 정보가 없는 것처럼 개체를 링크합니다.
libcurld.lib(parsedate.obj) : warning LNK4099: '' PDB를 'libcurld.lib(parsedate.obj)' 또는 ''에서 찾을 수 없습니다. 디버그 정보가 없는 것처럼 개체를 링크합니다.
libcurld.lib(rename.obj) : warning LNK4099: '' PDB를 'libcurld.lib(rename.obj)' 또는 ''에서 찾을 수 없습니다. 디버그 정보가 없는 것처럼 개체를 링크합니다.
libcurld.lib(fopen.obj) : warning LNK4099: '' PDB를 'libcurld.lib(fopen.obj)' 또는 ''에서 찾을 수 없습니다. 디버그 정보가 없는 것처럼 개체를 링크합니다.
libcurld.lib(socketpair.obj) : warning LNK4099: '' PDB를 'libcurld.lib(socketpair.obj)' 또는 ''에서 찾을 수 없습니다. 디버그 정보가 없는 것처럼 개체를 링크합니다.
libcurld.lib(curl_addrinfo.obj) : warning LNK4099: '' PDB를 'libcurld.lib(curl_addrinfo.obj)' 또는 ''에서 찾을 수 없습니다. 디버그 정보가 없는 것처럼 개체를 링크합니다.
libcurld.lib(hostasyn.obj) : warning LNK4099: '' PDB를 'libcurld.lib(hostasyn.obj)' 또는 ''에서 찾을 수 없습니다. 디버그 정보가 없는 것처럼 개체를 링크합니다.
libcurld.lib(curl_threads.obj) : warning LNK4099: '' PDB를 'libcurld.lib(curl_threads.obj)' 또는 ''에서 찾을 수 없습니다. 디버그 정보가 없는 것처럼 개체를 링크합니다.
libcurld.lib(bufq.obj) : warning LNK4099: '' PDB를 'libcurld.lib(bufq.obj)' 또는 ''에서 찾을 수 없습니다. 디버그 정보가 없는 것처럼 개체를 링크합니다.
libcurld.lib(rand.obj) : warning LNK4099: '' PDB를 'libcurld.lib(rand.obj)' 또는 ''에서 찾을 수 없습니다. 디버그 정보가 없는 것처럼 개체를 링크합니다.
libcurld.lib(imap.obj) : warning LNK4099: '' PDB를 'libcurld.lib(imap.obj)' 또는 ''에서 찾을 수 없습니다. 디버그 정보가 없는 것처럼 개체를 링크합니다.
libcurld.lib(pop3.obj) : warning LNK4099: '' PDB를 'libcurld.lib(pop3.obj)' 또는 ''에서 찾을 수 없습니다. 디버그 정보가 없는 것처럼 개체를 링크합니다.
libcurld.lib(smtp.obj) : warning LNK4099: '' PDB를 'libcurld.lib(smtp.obj)' 또는 ''에서 찾을 수 없습니다. 디버그 정보가 없는 것처럼 개체를 링크합니다.
libcurld.lib(ftp.obj) : warning LNK4099: '' PDB를 'libcurld.lib(ftp.obj)' 또는 ''에서 찾을 수 없습니다. 디버그 정보가 없는 것처럼 개체를 링크합니다.
libcurld.lib(file.obj) : warning LNK4099: '' PDB를 'libcurld.lib(file.obj)' 또는 ''에서 찾을 수 없습니다. 디버그 정보가 없는 것처럼 개체를 링크합니다.
libcurld.lib(rtsp.obj) : warning LNK4099: '' PDB를 'libcurld.lib(rtsp.obj)' 또는 ''에서 찾을 수 없습니다. 디버그 정보가 없는 것처럼 개체를 링크합니다.
libcurld.lib(smb.obj) : warning LNK4099: '' PDB를 'libcurld.lib(smb.obj)' 또는 ''에서 찾을 수 없습니다. 디버그 정보가 없는 것처럼 개체를 링크합니다.
libcurld.lib(mqtt.obj) : warning LNK4099: '' PDB를 'libcurld.lib(mqtt.obj)' 또는 ''에서 찾을 수 없습니다. 디버그 정보가 없는 것처럼 개체를 링크합니다.
libcurld.lib(dict.obj) : warning LNK4099: '' PDB를 'libcurld.lib(dict.obj)' 또는 ''에서 찾을 수 없습니다. 디버그 정보가 없는 것처럼 개체를 링크합니다.
libcurld.lib(telnet.obj) : warning LNK4099: '' PDB를 'libcurld.lib(telnet.obj)' 또는 ''에서 찾을 수 없습니다. 디버그 정보가 없는 것처럼 개체를 링크합니다.
libcurld.lib(tftp.obj) : warning LNK4099: '' PDB를 'libcurld.lib(tftp.obj)' 또는 ''에서 찾을 수 없습니다. 디버그 정보가 없는 것처럼 개체를 링크합니다.
libcurld.lib(ldap.obj) : warning LNK4099: '' PDB를 'libcurld.lib(ldap.obj)' 또는 ''에서 찾을 수 없습니다. 디버그 정보가 없는 것처럼 개체를 링크합니다.
libcurld.lib(gopher.obj) : warning LNK4099: '' PDB를 'libcurld.lib(gopher.obj)' 또는 ''에서 찾을 수 없습니다. 디버그 정보가 없는 것처럼 개체를 링크합니다.
libcurld.lib(getenv.obj) : warning LNK4099: '' PDB를 'libcurld.lib(getenv.obj)' 또는 ''에서 찾을 수 없습니다. 디버그 정보가 없는 것처럼 개체를 링크합니다.
libcurld.lib(urlapi.obj) : warning LNK4099: '' PDB를 'libcurld.lib(urlapi.obj)' 또는 ''에서 찾을 수 없습니다. 디버그 정보가 없는 것처럼 개체를 링크합니다.
libcurld.lib(netrc.obj) : warning LNK4099: '' PDB를 'libcurld.lib(netrc.obj)' 또는 ''에서 찾을 수 없습니다. 디버그 정보가 없는 것처럼 개체를 링크합니다.
libcurld.lib(escape.obj) : warning LNK4099: '' PDB를 'libcurld.lib(escape.obj)' 또는 ''에서 찾을 수 없습니다. 디버그 정보가 없는 것처럼 개체를 링크합니다.
libcurld.lib(noproxy.obj) : warning LNK4099: '' PDB를 'libcurld.lib(noproxy.obj)' 또는 ''에서 찾을 수 없습니다. 디버그 정보가 없는 것처럼 개체를 링크합니다.
libcurld.lib(idn.obj) : warning LNK4099: '' PDB를 'libcurld.lib(idn.obj)' 또는 ''에서 찾을 수 없습니다. 디버그 정보가 없는 것처럼 개체를 링크합니다.
libcurld.lib(http_ntlm.obj) : warning LNK4099: '' PDB를 'libcurld.lib(http_ntlm.obj)' 또는 ''에서 찾을 수 없습니다. 디버그 정보가 없는 것처럼 개체를 링크합니다.
libcurld.lib(headers.obj) : warning LNK4099: '' PDB를 'libcurld.lib(headers.obj)' 또는 ''에서 찾을 수 없습니다. 디버그 정보가 없는 것처럼 개체를 링크합니다.
libcurld.lib(cf-socket.obj) : warning LNK4099: '' PDB를 'libcurld.lib(cf-socket.obj)' 또는 ''에서 찾을 수 없습니다. 디버그 정보가 없는 것처럼 개체를 링크합니다.
libcurld.lib(doh.obj) : warning LNK4099: '' PDB를 'libcurld.lib(doh.obj)' 또는 ''에서 찾을 수 없습니다. 디버그 정보가 없는 것처럼 개체를 링크합니다.
libcurld.lib(http_proxy.obj) : warning LNK4099: '' PDB를 'libcurld.lib(http_proxy.obj)' 또는 ''에서 찾을 수 없습니다. 디버그 정보가 없는 것처럼 개체를 링크합니다.
libcurld.lib(cf-h1-proxy.obj) : warning LNK4099: '' PDB를 'libcurld.lib(cf-h1-proxy.obj)' 또는 ''에서 찾을 수 없습니다. 디버그 정보가 없는 것처럼 개체를 링크합니다.
libcurld.lib(cf-haproxy.obj) : warning LNK4099: '' PDB를 'libcurld.lib(cf-haproxy.obj)' 또는 ''에서 찾을 수 없습니다. 디버그 정보가 없는 것처럼 개체를 링크합니다.
libcurld.lib(cf-https-connect.obj) : warning LNK4099: '' PDB를 'libcurld.lib(cf-https-connect.obj)' 또는 ''에서 찾을 수 없습니다. 디버그 정보가 없는 것처럼 개체를 링크합니다.
libcurld.lib(socks.obj) : warning LNK4099: '' PDB를 'libcurld.lib(socks.obj)' 또는 ''에서 찾을 수 없습니다. 디버그 정보가 없는 것처럼 개체를 링크합니다.
libcurld.lib(inet_ntop.obj) : warning LNK4099: '' PDB를 'libcurld.lib(inet_ntop.obj)' 또는 ''에서 찾을 수 없습니다. 디버그 정보가 없는 것처럼 개체를 링크합니다.
libcurld.lib(digest.obj) : warning LNK4099: '' PDB를 'libcurld.lib(digest.obj)' 또는 ''에서 찾을 수 없습니다. 디버그 정보가 없는 것처럼 개체를 링크합니다.
libcurld.lib(version_win32.obj) : warning LNK4099: '' PDB를 'libcurld.lib(version_win32.obj)' 또는 ''에서 찾을 수 없습니다. 디버그 정보가 없는 것처럼 개체를 링크합니다.
libcurld.lib(inet_pton.obj) : warning LNK4099: '' PDB를 'libcurld.lib(inet_pton.obj)' 또는 ''에서 찾을 수 없습니다. 디버그 정보가 없는 것처럼 개체를 링크합니다.
libcurld.lib(http_chunks.obj) : warning LNK4099: '' PDB를 'libcurld.lib(http_chunks.obj)' 또는 ''에서 찾을 수 없습니다. 디버그 정보가 없는 것처럼 개체를 링크합니다.
libcurld.lib(hostip6.obj) : warning LNK4099: '' PDB를 'libcurld.lib(hostip6.obj)' 또는 ''에서 찾을 수 없습니다. 디버그 정보가 없는 것처럼 개체를 링크합니다.
libcurld.lib(formdata.obj) : warning LNK4099: '' PDB를 'libcurld.lib(formdata.obj)' 또는 ''에서 찾을 수 없습니다. 디버그 정보가 없는 것처럼 개체를 링크합니다.
libcurld.lib(dynhds.obj) : warning LNK4099: '' PDB를 'libcurld.lib(dynhds.obj)' 또는 ''에서 찾을 수 없습니다. 디버그 정보가 없는 것처럼 개체를 링크합니다.
libcurld.lib(base64.obj) : warning LNK4099: '' PDB를 'libcurld.lib(base64.obj)' 또는 ''에서 찾을 수 없습니다. 디버그 정보가 없는 것처럼 개체를 링크합니다.
libcurld.lib(vauth.obj) : warning LNK4099: '' PDB를 'libcurld.lib(vauth.obj)' 또는 ''에서 찾을 수 없습니다. 디버그 정보가 없는 것처럼 개체를 링크합니다.
libcurld.lib(ntlm.obj) : warning LNK4099: '' PDB를 'libcurld.lib(ntlm.obj)' 또는 ''에서 찾을 수 없습니다. 디버그 정보가 없는 것처럼 개체를 링크합니다.
libcurld.lib(vquic.obj) : warning LNK4099: '' PDB를 'libcurld.lib(vquic.obj)' 또는 ''에서 찾을 수 없습니다. 디버그 정보가 없는 것처럼 개체를 링크합니다.
libcurld.lib(http_aws_sigv4.obj) : warning LNK4099: '' PDB를 'libcurld.lib(http_aws_sigv4.obj)' 또는 ''에서 찾을 수 없습니다. 디버그 정보가 없는 것처럼 개체를 링크합니다.
libcurld.lib(fileinfo.obj) : warning LNK4099: '' PDB를 'libcurld.lib(fileinfo.obj)' 또는 ''에서 찾을 수 없습니다. 디버그 정보가 없는 것처럼 개체를 링크합니다.
libcurld.lib(curl_fnmatch.obj) : warning LNK4099: '' PDB를 'libcurld.lib(curl_fnmatch.obj)' 또는 ''에서 찾을 수 없습니다. 디버그 정보가 없는 것처럼 개체를 링크합니다.
libcurld.lib(timediff.obj) : warning LNK4099: '' PDB를 'libcurld.lib(timediff.obj)' 또는 ''에서 찾을 수 없습니다. 디버그 정보가 없는 것처럼 개체를 링크합니다.
libcurld.lib(nonblock.obj) : warning LNK4099: '' PDB를 'libcurld.lib(nonblock.obj)' 또는 ''에서 찾을 수 없습니다. 디버그 정보가 없는 것처럼 개체를 링크합니다.
libcurld.lib(pingpong.obj) : warning LNK4099: '' PDB를 'libcurld.lib(pingpong.obj)' 또는 ''에서 찾을 수 없습니다. 디버그 정보가 없는 것처럼 개체를 링크합니다.
libcurld.lib(bufref.obj) : warning LNK4099: '' PDB를 'libcurld.lib(bufref.obj)' 또는 ''에서 찾을 수 없습니다. 디버그 정보가 없는 것처럼 개체를 링크합니다.
libcurld.lib(curl_sasl.obj) : warning LNK4099: '' PDB를 'libcurld.lib(curl_sasl.obj)' 또는 ''에서 찾을 수 없습니다. 디버그 정보가 없는 것처럼 개체를 링크합니다.
libcurld.lib(md5.obj) : warning LNK4099: '' PDB를 'libcurld.lib(md5.obj)' 또는 ''에서 찾을 수 없습니다. 디버그 정보가 없는 것처럼 개체를 링크합니다.
libcurld.lib(curl_gethostname.obj) : warning LNK4099: '' PDB를 'libcurld.lib(curl_gethostname.obj)' 또는 ''에서 찾을 수 없습니다. 디버그 정보가 없는 것처럼 개체를 링크합니다.
libcurld.lib(if2ip.obj) : warning LNK4099: '' PDB를 'libcurld.lib(if2ip.obj)' 또는 ''에서 찾을 수 없습니다. 디버그 정보가 없는 것처럼 개체를 링크합니다.
libcurld.lib(curl_range.obj) : warning LNK4099: '' PDB를 'libcurld.lib(curl_range.obj)' 또는 ''에서 찾을 수 없습니다. 디버그 정보가 없는 것처럼 개체를 링크합니다.
libcurld.lib(curl_ntlm_core.obj) : warning LNK4099: '' PDB를 'libcurld.lib(curl_ntlm_core.obj)' 또는 ''에서 찾을 수 없습니다. 디버그 정보가 없는 것처럼 개체를 링크합니다.
libcurld.lib(curl_endian.obj) : warning LNK4099: '' PDB를 'libcurld.lib(curl_endian.obj)' 또는 ''에서 찾을 수 없습니다. 디버그 정보가 없는 것처럼 개체를 링크합니다.
libcurld.lib(http1.obj) : warning LNK4099: '' PDB를 'libcurld.lib(http1.obj)' 또는 ''에서 찾을 수 없습니다. 디버그 정보가 없는 것처럼 개체를 링크합니다.
libcurld.lib(sha256.obj) : warning LNK4099: '' PDB를 'libcurld.lib(sha256.obj)' 또는 ''에서 찾을 수 없습니다. 디버그 정보가 없는 것처럼 개체를 링크합니다.
libcurld.lib(curl_sha512_256.obj) : warning LNK4099: '' PDB를 'libcurld.lib(curl_sha512_256.obj)' 또는 ''에서 찾을 수 없습니다. 디버그 정보가 없는 것처럼 개체를 링크합니다.
libcurld.lib(hmac.obj) : warning LNK4099: '' PDB를 'libcurld.lib(hmac.obj)' 또는 ''에서 찾을 수 없습니다. 디버그 정보가 없는 것처럼 개체를 링크합니다.
libcurld.lib(cleartext.obj) : warning LNK4099: '' PDB를 'libcurld.lib(cleartext.obj)' 또는 ''에서 찾을 수 없습니다. 디버그 정보가 없는 것처럼 개체를 링크합니다.
libcurld.lib(cram.obj) : warning LNK4099: '' PDB를 'libcurld.lib(cram.obj)' 또는 ''에서 찾을 수 없습니다. 디버그 정보가 없는 것처럼 개체를 링크합니다.
libcurld.lib(oauth2.obj) : warning LNK4099: '' PDB를 'libcurld.lib(oauth2.obj)' 또는 ''에서 찾을 수 없습니다. 디버그 정보가 없는 것처럼 개체를 링크합니다.
libcurld.lib(curl_des.obj) : warning LNK4099: '' PDB를 'libcurld.lib(curl_des.obj)' 또는 ''에서 찾을 수 없습니다. 디버그 정보가 없는 것처럼 개체를 링크합니다.
libcurld.lib(md4.obj) : warning LNK4099: '' PDB를 'libcurld.lib(md4.obj)' 또는 ''에서 찾을 수 없습니다. 디버그 정보가 없는 것처럼 개체를 링크합니다.
  Tax_helper.vcxproj -> C:\Users\chomg\OneDrive\바탕 화면\Tax_helper_0527_wip\x64\Debug\Tax_helper.exe
